{
  "stats": {
    "suites": 10,
    "tests": 31,
    "passes": 31,
    "pending": 0,
    "failures": 0,
    "start": "2017-10-16T23:37:58.226Z",
    "end": "2017-10-16T23:38:27.701Z",
    "duration": 29475,
    "testsRegistered": 31,
    "passPercent": 100,
    "pendingPercent": 0,
    "other": 0,
    "hasOther": false,
    "skipped": 0,
    "hasSkipped": false,
    "passPercentClass": "success",
    "pendingPercentClass": "danger"
  },
  "suites": {
    "title": "",
    "suites": [
      {
        "title": "MockContribution",
        "suites": [],
        "tests": [],
        "pending": [],
        "root": false,
        "_timeout": 2000,
        "uuid": "002f8688-7b5e-4811-9408-a06a21d0e83f",
        "beforeHooks": [
          {
            "title": "\"before all\" hook: prepare suite",
            "fullTitle": "MockContribution \"before all\" hook: prepare suite",
            "timedOut": false,
            "duration": 0,
            "pass": false,
            "fail": false,
            "pending": false,
            "code": "series([\n  runner.initialize.bind(runner),\n  self.compileNewAbstractInterface.bind(this, runner),\n  self.deployTestDependencies.bind(this, abstraction, dependency_paths, runner)\n], done);",
            "err": {},
            "isRoot": false,
            "uuid": "ced5060f-1152-4b84-8ac0-ca46a62cf355",
            "parentUUID": "002f8688-7b5e-4811-9408-a06a21d0e83f",
            "isHook": true,
            "skipped": false
          },
          {
            "title": "\"before each\" hook: before test",
            "fullTitle": "MockContribution \"before each\" hook: before test",
            "timedOut": false,
            "duration": 0,
            "pass": false,
            "fail": false,
            "pending": false,
            "code": "runner.startTest(this, done);",
            "err": {},
            "isRoot": false,
            "uuid": "2e763fe2-726e-4766-8a32-fd2f1d2b5127",
            "parentUUID": "002f8688-7b5e-4811-9408-a06a21d0e83f",
            "isHook": true,
            "skipped": false
          }
        ],
        "afterHooks": [
          {
            "title": "\"after each\" hook: after test",
            "fullTitle": "MockContribution \"after each\" hook: after test",
            "timedOut": false,
            "duration": 0,
            "pass": false,
            "fail": false,
            "pending": false,
            "code": "runner.endTest(this, done);",
            "err": {},
            "isRoot": false,
            "uuid": "4d9ff3f7-2fa4-4b70-b2e5-bd7426e375f4",
            "parentUUID": "002f8688-7b5e-4811-9408-a06a21d0e83f",
            "isHook": true,
            "skipped": false
          }
        ],
        "fullFile": "",
        "file": "",
        "passes": [],
        "failures": [],
        "skipped": [],
        "hasBeforeHooks": true,
        "hasAfterHooks": true,
        "hasTests": false,
        "hasSuites": false,
        "totalTests": 0,
        "totalPasses": 0,
        "totalFailures": 0,
        "totalPending": 0,
        "totalSkipped": 0,
        "hasPasses": false,
        "hasFailures": false,
        "hasPending": false,
        "hasSkipped": false,
        "duration": 0,
        "rootEmpty": false
      },
      {
        "title": "MockRemainderTokenHolder",
        "suites": [],
        "tests": [],
        "pending": [],
        "root": false,
        "_timeout": 2000,
        "uuid": "36270b2e-853d-4fa9-9986-cf233803ba91",
        "beforeHooks": [
          {
            "title": "\"before all\" hook: prepare suite",
            "fullTitle": "MockRemainderTokenHolder \"before all\" hook: prepare suite",
            "timedOut": false,
            "duration": 0,
            "pass": false,
            "fail": false,
            "pending": false,
            "code": "series([\n  runner.initialize.bind(runner),\n  self.compileNewAbstractInterface.bind(this, runner),\n  self.deployTestDependencies.bind(this, abstraction, dependency_paths, runner)\n], done);",
            "err": {},
            "isRoot": false,
            "uuid": "fc946099-f25f-4ea1-84fa-2c9298ec9e57",
            "parentUUID": "36270b2e-853d-4fa9-9986-cf233803ba91",
            "isHook": true,
            "skipped": false
          },
          {
            "title": "\"before each\" hook: before test",
            "fullTitle": "MockRemainderTokenHolder \"before each\" hook: before test",
            "timedOut": false,
            "duration": 0,
            "pass": false,
            "fail": false,
            "pending": false,
            "code": "runner.startTest(this, done);",
            "err": {},
            "isRoot": false,
            "uuid": "89a3bf59-d3cf-4e9a-b4d5-a7dcb8a32380",
            "parentUUID": "36270b2e-853d-4fa9-9986-cf233803ba91",
            "isHook": true,
            "skipped": false
          }
        ],
        "afterHooks": [
          {
            "title": "\"after each\" hook: after test",
            "fullTitle": "MockRemainderTokenHolder \"after each\" hook: after test",
            "timedOut": false,
            "duration": 0,
            "pass": false,
            "fail": false,
            "pending": false,
            "code": "runner.endTest(this, done);",
            "err": {},
            "isRoot": false,
            "uuid": "2a79eeff-813c-45ed-b265-592a7406c4c0",
            "parentUUID": "36270b2e-853d-4fa9-9986-cf233803ba91",
            "isHook": true,
            "skipped": false
          }
        ],
        "fullFile": "",
        "file": "",
        "passes": [],
        "failures": [],
        "skipped": [],
        "hasBeforeHooks": true,
        "hasAfterHooks": true,
        "hasTests": false,
        "hasSuites": false,
        "totalTests": 0,
        "totalPasses": 0,
        "totalFailures": 0,
        "totalPending": 0,
        "totalSkipped": 0,
        "hasPasses": false,
        "hasFailures": false,
        "hasPending": false,
        "hasSkipped": false,
        "duration": 0,
        "rootEmpty": false
      },
      {
        "title": "Contract: Contribution",
        "suites": [
          {
            "title": "#initialize",
            "suites": [],
            "tests": [
              {
                "title": "happy path",
                "fullTitle": "Contract: Contribution #initialize happy path",
                "timedOut": false,
                "duration": 589,
                "state": "passed",
                "speed": "slow",
                "pass": true,
                "fail": false,
                "pending": false,
                "code": "step(\"throw\", err); }); } } return step(\"next\"); });",
                "err": {},
                "isRoot": false,
                "uuid": "bc6da076-ddca-4a70-816f-d718efc7aaa2",
                "parentUUID": "4ce51fea-b8ed-42b0-b7c6-d1841f99b756",
                "isHook": false,
                "skipped": false
              },
              {
                "title": "throws when you try to dobule initialize",
                "fullTitle": "Contract: Contribution #initialize throws when you try to dobule initialize",
                "timedOut": false,
                "duration": 399,
                "state": "passed",
                "speed": "slow",
                "pass": true,
                "fail": false,
                "pending": false,
                "code": "step(\"throw\", err); }); } } return step(\"next\"); });",
                "err": {},
                "isRoot": false,
                "uuid": "ea629e8f-efba-4294-b417-adcbd425a2b3",
                "parentUUID": "4ce51fea-b8ed-42b0-b7c6-d1841f99b756",
                "isHook": false,
                "skipped": false
              },
              {
                "title": "throws when controller of aix is not contribution",
                "fullTitle": "Contract: Contribution #initialize throws when controller of aix is not contribution",
                "timedOut": false,
                "duration": 216,
                "state": "passed",
                "speed": "slow",
                "pass": true,
                "fail": false,
                "pending": false,
                "code": "step(\"throw\", err); }); } } return step(\"next\"); });",
                "err": {},
                "isRoot": false,
                "uuid": "3b8ea8ad-a072-41f6-836b-04841306019a",
                "parentUUID": "4ce51fea-b8ed-42b0-b7c6-d1841f99b756",
                "isHook": false,
                "skipped": false
              },
              {
                "title": "throws startTime is less then currentTime",
                "fullTitle": "Contract: Contribution #initialize throws startTime is less then currentTime",
                "timedOut": false,
                "duration": 262,
                "state": "passed",
                "speed": "slow",
                "pass": true,
                "fail": false,
                "pending": false,
                "code": "step(\"throw\", err); }); } } return step(\"next\"); });",
                "err": {},
                "isRoot": false,
                "uuid": "ee31d955-9b70-46d7-ad0e-81e4b391bb33",
                "parentUUID": "4ce51fea-b8ed-42b0-b7c6-d1841f99b756",
                "isHook": false,
                "skipped": false
              },
              {
                "title": "throws totalWeiCap is 0",
                "fullTitle": "Contract: Contribution #initialize throws totalWeiCap is 0",
                "timedOut": false,
                "duration": 247,
                "state": "passed",
                "speed": "slow",
                "pass": true,
                "fail": false,
                "pending": false,
                "code": "step(\"throw\", err); }); } } return step(\"next\"); });",
                "err": {},
                "isRoot": false,
                "uuid": "c5ae06c7-f13d-4232-b547-e1fd30ee844c",
                "parentUUID": "4ce51fea-b8ed-42b0-b7c6-d1841f99b756",
                "isHook": false,
                "skipped": false
              },
              {
                "title": "throws when startTime > endTime",
                "fullTitle": "Contract: Contribution #initialize throws when startTime > endTime",
                "timedOut": false,
                "duration": 251,
                "state": "passed",
                "speed": "slow",
                "pass": true,
                "fail": false,
                "pending": false,
                "code": "step(\"throw\", err); }); } } return step(\"next\"); });",
                "err": {},
                "isRoot": false,
                "uuid": "535106f3-61a1-4a51-afd5-a8b971c9cd42",
                "parentUUID": "4ce51fea-b8ed-42b0-b7c6-d1841f99b756",
                "isHook": false,
                "skipped": false
              },
              {
                "title": "White and blacklisting investors",
                "fullTitle": "Contract: Contribution #initialize White and blacklisting investors",
                "timedOut": false,
                "duration": 217,
                "state": "passed",
                "speed": "slow",
                "pass": true,
                "fail": false,
                "pending": false,
                "code": "step(\"throw\", err); }); } } return step(\"next\"); });",
                "err": {},
                "isRoot": false,
                "uuid": "31892363-8058-447a-b87e-d8b25f743dd9",
                "parentUUID": "4ce51fea-b8ed-42b0-b7c6-d1841f99b756",
                "isHook": false,
                "skipped": false
              }
            ],
            "pending": [],
            "root": false,
            "_timeout": 300000,
            "file": "/test/contribution_test.js",
            "uuid": "4ce51fea-b8ed-42b0-b7c6-d1841f99b756",
            "beforeHooks": [
              {
                "title": "\"before each\" hook",
                "fullTitle": "Contract: Contribution #initialize \"before each\" hook",
                "timedOut": false,
                "duration": 504,
                "pass": false,
                "fail": false,
                "pending": false,
                "code": "step(\"throw\", err); }); } } return step(\"next\"); });",
                "err": {},
                "isRoot": false,
                "uuid": "4084f840-a774-42a0-a266-170abbe33081",
                "parentUUID": "4ce51fea-b8ed-42b0-b7c6-d1841f99b756",
                "isHook": true,
                "skipped": false
              }
            ],
            "afterHooks": [],
            "fullFile": "/home/travis/build/rstormsf/aigang-contracts/test/contribution_test.js",
            "passes": [
              {
                "title": "happy path",
                "fullTitle": "Contract: Contribution #initialize happy path",
                "timedOut": false,
                "duration": 589,
                "state": "passed",
                "speed": "slow",
                "pass": true,
                "fail": false,
                "pending": false,
                "code": "step(\"throw\", err); }); } } return step(\"next\"); });",
                "err": {},
                "isRoot": false,
                "uuid": "bc6da076-ddca-4a70-816f-d718efc7aaa2",
                "parentUUID": "4ce51fea-b8ed-42b0-b7c6-d1841f99b756",
                "isHook": false,
                "skipped": false
              },
              {
                "title": "throws when you try to dobule initialize",
                "fullTitle": "Contract: Contribution #initialize throws when you try to dobule initialize",
                "timedOut": false,
                "duration": 399,
                "state": "passed",
                "speed": "slow",
                "pass": true,
                "fail": false,
                "pending": false,
                "code": "step(\"throw\", err); }); } } return step(\"next\"); });",
                "err": {},
                "isRoot": false,
                "uuid": "ea629e8f-efba-4294-b417-adcbd425a2b3",
                "parentUUID": "4ce51fea-b8ed-42b0-b7c6-d1841f99b756",
                "isHook": false,
                "skipped": false
              },
              {
                "title": "throws when controller of aix is not contribution",
                "fullTitle": "Contract: Contribution #initialize throws when controller of aix is not contribution",
                "timedOut": false,
                "duration": 216,
                "state": "passed",
                "speed": "slow",
                "pass": true,
                "fail": false,
                "pending": false,
                "code": "step(\"throw\", err); }); } } return step(\"next\"); });",
                "err": {},
                "isRoot": false,
                "uuid": "3b8ea8ad-a072-41f6-836b-04841306019a",
                "parentUUID": "4ce51fea-b8ed-42b0-b7c6-d1841f99b756",
                "isHook": false,
                "skipped": false
              },
              {
                "title": "throws startTime is less then currentTime",
                "fullTitle": "Contract: Contribution #initialize throws startTime is less then currentTime",
                "timedOut": false,
                "duration": 262,
                "state": "passed",
                "speed": "slow",
                "pass": true,
                "fail": false,
                "pending": false,
                "code": "step(\"throw\", err); }); } } return step(\"next\"); });",
                "err": {},
                "isRoot": false,
                "uuid": "ee31d955-9b70-46d7-ad0e-81e4b391bb33",
                "parentUUID": "4ce51fea-b8ed-42b0-b7c6-d1841f99b756",
                "isHook": false,
                "skipped": false
              },
              {
                "title": "throws totalWeiCap is 0",
                "fullTitle": "Contract: Contribution #initialize throws totalWeiCap is 0",
                "timedOut": false,
                "duration": 247,
                "state": "passed",
                "speed": "slow",
                "pass": true,
                "fail": false,
                "pending": false,
                "code": "step(\"throw\", err); }); } } return step(\"next\"); });",
                "err": {},
                "isRoot": false,
                "uuid": "c5ae06c7-f13d-4232-b547-e1fd30ee844c",
                "parentUUID": "4ce51fea-b8ed-42b0-b7c6-d1841f99b756",
                "isHook": false,
                "skipped": false
              },
              {
                "title": "throws when startTime > endTime",
                "fullTitle": "Contract: Contribution #initialize throws when startTime > endTime",
                "timedOut": false,
                "duration": 251,
                "state": "passed",
                "speed": "slow",
                "pass": true,
                "fail": false,
                "pending": false,
                "code": "step(\"throw\", err); }); } } return step(\"next\"); });",
                "err": {},
                "isRoot": false,
                "uuid": "535106f3-61a1-4a51-afd5-a8b971c9cd42",
                "parentUUID": "4ce51fea-b8ed-42b0-b7c6-d1841f99b756",
                "isHook": false,
                "skipped": false
              },
              {
                "title": "White and blacklisting investors",
                "fullTitle": "Contract: Contribution #initialize White and blacklisting investors",
                "timedOut": false,
                "duration": 217,
                "state": "passed",
                "speed": "slow",
                "pass": true,
                "fail": false,
                "pending": false,
                "code": "step(\"throw\", err); }); } } return step(\"next\"); });",
                "err": {},
                "isRoot": false,
                "uuid": "31892363-8058-447a-b87e-d8b25f743dd9",
                "parentUUID": "4ce51fea-b8ed-42b0-b7c6-d1841f99b756",
                "isHook": false,
                "skipped": false
              }
            ],
            "failures": [],
            "skipped": [],
            "hasBeforeHooks": true,
            "hasAfterHooks": false,
            "hasTests": true,
            "hasSuites": false,
            "totalTests": 7,
            "totalPasses": 7,
            "totalFailures": 0,
            "totalPending": 0,
            "totalSkipped": 0,
            "hasPasses": true,
            "hasFailures": false,
            "hasPending": false,
            "hasSkipped": false,
            "duration": 2181,
            "rootEmpty": false
          },
          {
            "title": "#exchangeRate",
            "suites": [],
            "tests": [
              {
                "title": "calculates different discount rates based on time ",
                "fullTitle": "Contract: Contribution #exchangeRate calculates different discount rates based on time ",
                "timedOut": false,
                "duration": 286,
                "state": "passed",
                "speed": "slow",
                "pass": true,
                "fail": false,
                "pending": false,
                "code": "step(\"throw\", err); }); } } return step(\"next\"); });",
                "err": {},
                "isRoot": false,
                "uuid": "0ec37ac7-a049-4daf-a966-acfecc3848a7",
                "parentUUID": "a096a7df-12b6-46ec-82b1-d1893b7d4e32",
                "isHook": false,
                "skipped": false
              },
              {
                "title": "calculates different bonuses based on percentage",
                "fullTitle": "Contract: Contribution #exchangeRate calculates different bonuses based on percentage",
                "timedOut": false,
                "duration": 500,
                "state": "passed",
                "speed": "slow",
                "pass": true,
                "fail": false,
                "pending": false,
                "code": "step(\"throw\", err); }); } } return step(\"next\"); });",
                "err": {},
                "isRoot": false,
                "uuid": "3d6c2233-c8be-4084-b1da-edc49eada0b2",
                "parentUUID": "a096a7df-12b6-46ec-82b1-d1893b7d4e32",
                "isHook": false,
                "skipped": false
              }
            ],
            "pending": [],
            "root": false,
            "_timeout": 300000,
            "file": "/test/contribution_test.js",
            "uuid": "a096a7df-12b6-46ec-82b1-d1893b7d4e32",
            "beforeHooks": [
              {
                "title": "\"before each\" hook",
                "fullTitle": "Contract: Contribution #exchangeRate \"before each\" hook",
                "timedOut": false,
                "duration": 639,
                "pass": false,
                "fail": false,
                "pending": false,
                "code": "step(\"throw\", err); }); } } return step(\"next\"); });",
                "err": {},
                "isRoot": false,
                "uuid": "4b9716ce-bd81-4184-8300-754b57f83132",
                "parentUUID": "a096a7df-12b6-46ec-82b1-d1893b7d4e32",
                "isHook": true,
                "skipped": false
              }
            ],
            "afterHooks": [],
            "fullFile": "/home/travis/build/rstormsf/aigang-contracts/test/contribution_test.js",
            "passes": [
              {
                "title": "calculates different discount rates based on time ",
                "fullTitle": "Contract: Contribution #exchangeRate calculates different discount rates based on time ",
                "timedOut": false,
                "duration": 286,
                "state": "passed",
                "speed": "slow",
                "pass": true,
                "fail": false,
                "pending": false,
                "code": "step(\"throw\", err); }); } } return step(\"next\"); });",
                "err": {},
                "isRoot": false,
                "uuid": "0ec37ac7-a049-4daf-a966-acfecc3848a7",
                "parentUUID": "a096a7df-12b6-46ec-82b1-d1893b7d4e32",
                "isHook": false,
                "skipped": false
              },
              {
                "title": "calculates different bonuses based on percentage",
                "fullTitle": "Contract: Contribution #exchangeRate calculates different bonuses based on percentage",
                "timedOut": false,
                "duration": 500,
                "state": "passed",
                "speed": "slow",
                "pass": true,
                "fail": false,
                "pending": false,
                "code": "step(\"throw\", err); }); } } return step(\"next\"); });",
                "err": {},
                "isRoot": false,
                "uuid": "3d6c2233-c8be-4084-b1da-edc49eada0b2",
                "parentUUID": "a096a7df-12b6-46ec-82b1-d1893b7d4e32",
                "isHook": false,
                "skipped": false
              }
            ],
            "failures": [],
            "skipped": [],
            "hasBeforeHooks": true,
            "hasAfterHooks": false,
            "hasTests": true,
            "hasSuites": false,
            "totalTests": 2,
            "totalPasses": 2,
            "totalFailures": 0,
            "totalPending": 0,
            "totalSkipped": 0,
            "hasPasses": true,
            "hasFailures": false,
            "hasPending": false,
            "hasSkipped": false,
            "duration": 786,
            "rootEmpty": false
          },
          {
            "title": "#proxyPayment",
            "suites": [],
            "tests": [
              {
                "title": "happy path with fallback",
                "fullTitle": "Contract: Contribution #proxyPayment happy path with fallback",
                "timedOut": false,
                "duration": 406,
                "state": "passed",
                "speed": "slow",
                "pass": true,
                "fail": false,
                "pending": false,
                "code": "step(\"throw\", err); }); } } return step(\"next\"); });",
                "err": {},
                "isRoot": false,
                "uuid": "38d8bb25-79ba-46a5-b84f-0124cdc3736c",
                "parentUUID": "8e2ba068-9a3c-4eef-a839-6f569e82b526",
                "isHook": false,
                "skipped": false
              },
              {
                "title": "throws when below sendingAmount",
                "fullTitle": "Contract: Contribution #proxyPayment throws when below sendingAmount",
                "timedOut": false,
                "duration": 244,
                "state": "passed",
                "speed": "slow",
                "pass": true,
                "fail": false,
                "pending": false,
                "code": "step(\"throw\", err); }); } } return step(\"next\"); });",
                "err": {},
                "isRoot": false,
                "uuid": "16d8ab9a-e231-470e-9719-84572b2a8755",
                "parentUUID": "8e2ba068-9a3c-4eef-a839-6f569e82b526",
                "isHook": false,
                "skipped": false
              },
              {
                "title": "accepts 0.01 ether",
                "fullTitle": "Contract: Contribution #proxyPayment accepts 0.01 ether",
                "timedOut": false,
                "duration": 165,
                "state": "passed",
                "speed": "slow",
                "pass": true,
                "fail": false,
                "pending": false,
                "code": "step(\"throw\", err); }); } } return step(\"next\"); });",
                "err": {},
                "isRoot": false,
                "uuid": "c3b121f5-0d93-401c-9d09-fdaccf24aa18",
                "parentUUID": "8e2ba068-9a3c-4eef-a839-6f569e82b526",
                "isHook": false,
                "skipped": false
              },
              {
                "title": "allows multisig to buy tokens",
                "fullTitle": "Contract: Contribution #proxyPayment allows multisig to buy tokens",
                "timedOut": false,
                "duration": 460,
                "state": "passed",
                "speed": "slow",
                "pass": true,
                "fail": false,
                "pending": false,
                "code": "step(\"throw\", err); }); } } return step(\"next\"); });",
                "err": {},
                "isRoot": false,
                "uuid": "90e5ff41-a7e9-46e9-bebc-5ff6b3b802d1",
                "parentUUID": "8e2ba068-9a3c-4eef-a839-6f569e82b526",
                "isHook": false,
                "skipped": false
              },
              {
                "title": "contribution wallet should receive funds",
                "fullTitle": "Contract: Contribution #proxyPayment contribution wallet should receive funds",
                "timedOut": false,
                "duration": 601,
                "state": "passed",
                "speed": "slow",
                "pass": true,
                "fail": false,
                "pending": false,
                "code": "step(\"throw\", err); }); } } return step(\"next\"); });",
                "err": {},
                "isRoot": false,
                "uuid": "dab62abb-e4ed-4842-bee8-98c9e75a62a1",
                "parentUUID": "8e2ba068-9a3c-4eef-a839-6f569e82b526",
                "isHook": false,
                "skipped": false
              },
              {
                "title": "throws when endDate is reached",
                "fullTitle": "Contract: Contribution #proxyPayment throws when endDate is reached",
                "timedOut": false,
                "duration": 200,
                "state": "passed",
                "speed": "slow",
                "pass": true,
                "fail": false,
                "pending": false,
                "code": "step(\"throw\", err); }); } } return step(\"next\"); });",
                "err": {},
                "isRoot": false,
                "uuid": "4d610ffd-d56e-431f-84f3-592e4deed61b",
                "parentUUID": "8e2ba068-9a3c-4eef-a839-6f569e82b526",
                "isHook": false,
                "skipped": false
              },
              {
                "title": "sends change back to investors if he buys more than cap",
                "fullTitle": "Contract: Contribution #proxyPayment sends change back to investors if he buys more than cap",
                "timedOut": false,
                "duration": 1135,
                "state": "passed",
                "speed": "slow",
                "pass": true,
                "fail": false,
                "pending": false,
                "code": "step(\"throw\", err); }); } } return step(\"next\"); });",
                "err": {},
                "isRoot": false,
                "uuid": "8b2ded47-0fca-45ae-8a53-96a36602b474",
                "parentUUID": "8e2ba068-9a3c-4eef-a839-6f569e82b526",
                "isHook": false,
                "skipped": false
              }
            ],
            "pending": [],
            "root": false,
            "_timeout": 300000,
            "file": "/test/contribution_test.js",
            "uuid": "8e2ba068-9a3c-4eef-a839-6f569e82b526",
            "beforeHooks": [
              {
                "title": "\"before each\" hook",
                "fullTitle": "Contract: Contribution #proxyPayment \"before each\" hook",
                "timedOut": false,
                "duration": 547,
                "pass": false,
                "fail": false,
                "pending": false,
                "code": "step(\"throw\", err); }); } } return step(\"next\"); });",
                "err": {},
                "isRoot": false,
                "uuid": "c7f99f66-0b2a-4aee-9a98-15b5b9f8d6d1",
                "parentUUID": "8e2ba068-9a3c-4eef-a839-6f569e82b526",
                "isHook": true,
                "skipped": false
              }
            ],
            "afterHooks": [],
            "fullFile": "/home/travis/build/rstormsf/aigang-contracts/test/contribution_test.js",
            "passes": [
              {
                "title": "happy path with fallback",
                "fullTitle": "Contract: Contribution #proxyPayment happy path with fallback",
                "timedOut": false,
                "duration": 406,
                "state": "passed",
                "speed": "slow",
                "pass": true,
                "fail": false,
                "pending": false,
                "code": "step(\"throw\", err); }); } } return step(\"next\"); });",
                "err": {},
                "isRoot": false,
                "uuid": "38d8bb25-79ba-46a5-b84f-0124cdc3736c",
                "parentUUID": "8e2ba068-9a3c-4eef-a839-6f569e82b526",
                "isHook": false,
                "skipped": false
              },
              {
                "title": "throws when below sendingAmount",
                "fullTitle": "Contract: Contribution #proxyPayment throws when below sendingAmount",
                "timedOut": false,
                "duration": 244,
                "state": "passed",
                "speed": "slow",
                "pass": true,
                "fail": false,
                "pending": false,
                "code": "step(\"throw\", err); }); } } return step(\"next\"); });",
                "err": {},
                "isRoot": false,
                "uuid": "16d8ab9a-e231-470e-9719-84572b2a8755",
                "parentUUID": "8e2ba068-9a3c-4eef-a839-6f569e82b526",
                "isHook": false,
                "skipped": false
              },
              {
                "title": "accepts 0.01 ether",
                "fullTitle": "Contract: Contribution #proxyPayment accepts 0.01 ether",
                "timedOut": false,
                "duration": 165,
                "state": "passed",
                "speed": "slow",
                "pass": true,
                "fail": false,
                "pending": false,
                "code": "step(\"throw\", err); }); } } return step(\"next\"); });",
                "err": {},
                "isRoot": false,
                "uuid": "c3b121f5-0d93-401c-9d09-fdaccf24aa18",
                "parentUUID": "8e2ba068-9a3c-4eef-a839-6f569e82b526",
                "isHook": false,
                "skipped": false
              },
              {
                "title": "allows multisig to buy tokens",
                "fullTitle": "Contract: Contribution #proxyPayment allows multisig to buy tokens",
                "timedOut": false,
                "duration": 460,
                "state": "passed",
                "speed": "slow",
                "pass": true,
                "fail": false,
                "pending": false,
                "code": "step(\"throw\", err); }); } } return step(\"next\"); });",
                "err": {},
                "isRoot": false,
                "uuid": "90e5ff41-a7e9-46e9-bebc-5ff6b3b802d1",
                "parentUUID": "8e2ba068-9a3c-4eef-a839-6f569e82b526",
                "isHook": false,
                "skipped": false
              },
              {
                "title": "contribution wallet should receive funds",
                "fullTitle": "Contract: Contribution #proxyPayment contribution wallet should receive funds",
                "timedOut": false,
                "duration": 601,
                "state": "passed",
                "speed": "slow",
                "pass": true,
                "fail": false,
                "pending": false,
                "code": "step(\"throw\", err); }); } } return step(\"next\"); });",
                "err": {},
                "isRoot": false,
                "uuid": "dab62abb-e4ed-4842-bee8-98c9e75a62a1",
                "parentUUID": "8e2ba068-9a3c-4eef-a839-6f569e82b526",
                "isHook": false,
                "skipped": false
              },
              {
                "title": "throws when endDate is reached",
                "fullTitle": "Contract: Contribution #proxyPayment throws when endDate is reached",
                "timedOut": false,
                "duration": 200,
                "state": "passed",
                "speed": "slow",
                "pass": true,
                "fail": false,
                "pending": false,
                "code": "step(\"throw\", err); }); } } return step(\"next\"); });",
                "err": {},
                "isRoot": false,
                "uuid": "4d610ffd-d56e-431f-84f3-592e4deed61b",
                "parentUUID": "8e2ba068-9a3c-4eef-a839-6f569e82b526",
                "isHook": false,
                "skipped": false
              },
              {
                "title": "sends change back to investors if he buys more than cap",
                "fullTitle": "Contract: Contribution #proxyPayment sends change back to investors if he buys more than cap",
                "timedOut": false,
                "duration": 1135,
                "state": "passed",
                "speed": "slow",
                "pass": true,
                "fail": false,
                "pending": false,
                "code": "step(\"throw\", err); }); } } return step(\"next\"); });",
                "err": {},
                "isRoot": false,
                "uuid": "8b2ded47-0fca-45ae-8a53-96a36602b474",
                "parentUUID": "8e2ba068-9a3c-4eef-a839-6f569e82b526",
                "isHook": false,
                "skipped": false
              }
            ],
            "failures": [],
            "skipped": [],
            "hasBeforeHooks": true,
            "hasAfterHooks": false,
            "hasTests": true,
            "hasSuites": false,
            "totalTests": 7,
            "totalPasses": 7,
            "totalFailures": 0,
            "totalPending": 0,
            "totalSkipped": 0,
            "hasPasses": true,
            "hasFailures": false,
            "hasPending": false,
            "hasSkipped": false,
            "duration": 3211,
            "rootEmpty": false
          },
          {
            "title": "the rest",
            "suites": [
              {
                "title": "#allowTransfers",
                "suites": [],
                "tests": [
                  {
                    "title": "if false, no transfers should be allowed",
                    "fullTitle": "the rest #allowTransfers if false, no transfers should be allowed",
                    "timedOut": false,
                    "duration": 677,
                    "state": "passed",
                    "speed": "slow",
                    "pass": true,
                    "fail": false,
                    "pending": false,
                    "code": "step(\"throw\", err); }); } } return step(\"next\"); });",
                    "err": {},
                    "isRoot": false,
                    "uuid": "012ff920-6717-441b-a32f-4ef2c713ce50",
                    "parentUUID": "16eb42ec-2549-4b0c-a875-e1b70cf47ffe",
                    "isHook": false,
                    "skipped": false
                  }
                ],
                "pending": [],
                "root": false,
                "_timeout": 300000,
                "file": "/test/contribution_test.js",
                "uuid": "16eb42ec-2549-4b0c-a875-e1b70cf47ffe",
                "beforeHooks": [],
                "afterHooks": [],
                "fullFile": "/home/travis/build/rstormsf/aigang-contracts/test/contribution_test.js",
                "passes": [
                  {
                    "title": "if false, no transfers should be allowed",
                    "fullTitle": "the rest #allowTransfers if false, no transfers should be allowed",
                    "timedOut": false,
                    "duration": 677,
                    "state": "passed",
                    "speed": "slow",
                    "pass": true,
                    "fail": false,
                    "pending": false,
                    "code": "step(\"throw\", err); }); } } return step(\"next\"); });",
                    "err": {},
                    "isRoot": false,
                    "uuid": "012ff920-6717-441b-a32f-4ef2c713ce50",
                    "parentUUID": "16eb42ec-2549-4b0c-a875-e1b70cf47ffe",
                    "isHook": false,
                    "skipped": false
                  }
                ],
                "failures": [],
                "skipped": [],
                "hasBeforeHooks": false,
                "hasAfterHooks": false,
                "hasTests": true,
                "hasSuites": false,
                "totalTests": 1,
                "totalPasses": 1,
                "totalFailures": 0,
                "totalPending": 0,
                "totalSkipped": 0,
                "hasPasses": true,
                "hasFailures": false,
                "hasPending": false,
                "hasSkipped": false,
                "duration": 677,
                "rootEmpty": false
              },
              {
                "title": "#finalize",
                "suites": [],
                "tests": [
                  {
                    "title": "can only be called once",
                    "fullTitle": "the rest #finalize can only be called once",
                    "timedOut": false,
                    "duration": 341,
                    "state": "passed",
                    "speed": "slow",
                    "pass": true,
                    "fail": false,
                    "pending": false,
                    "code": "step(\"throw\", err); }); } } return step(\"next\"); });",
                    "err": {},
                    "isRoot": false,
                    "uuid": "875e4f67-e2b1-4af7-9a96-e147589e817f",
                    "parentUUID": "04bb000b-3684-4729-9759-854f489e5704",
                    "isHook": false,
                    "skipped": false
                  },
                  {
                    "title": "can be called by anyone after endTime",
                    "fullTitle": "the rest #finalize can be called by anyone after endTime",
                    "timedOut": false,
                    "duration": 372,
                    "state": "passed",
                    "speed": "slow",
                    "pass": true,
                    "fail": false,
                    "pending": false,
                    "code": "step(\"throw\", err); }); } } return step(\"next\"); });",
                    "err": {},
                    "isRoot": false,
                    "uuid": "c6d53262-ed0d-42e3-bb5a-5b95759a5aaf",
                    "parentUUID": "04bb000b-3684-4729-9759-854f489e5704",
                    "isHook": false,
                    "skipped": false
                  },
                  {
                    "title": "can be called when cap is met by anyone",
                    "fullTitle": "the rest #finalize can be called when cap is met by anyone",
                    "timedOut": false,
                    "duration": 298,
                    "state": "passed",
                    "speed": "slow",
                    "pass": true,
                    "fail": false,
                    "pending": false,
                    "code": "step(\"throw\", err); }); } } return step(\"next\"); });",
                    "err": {},
                    "isRoot": false,
                    "uuid": "8743aaf2-234f-46c3-96d4-ea3f77c6b7ba",
                    "parentUUID": "04bb000b-3684-4729-9759-854f489e5704",
                    "isHook": false,
                    "skipped": false
                  },
                  {
                    "title": "generates tokens to wallets",
                    "fullTitle": "the rest #finalize generates tokens to wallets",
                    "timedOut": false,
                    "duration": 510,
                    "state": "passed",
                    "speed": "slow",
                    "pass": true,
                    "fail": false,
                    "pending": false,
                    "code": "step(\"throw\", err); }); } } return step(\"next\"); });",
                    "err": {},
                    "isRoot": false,
                    "uuid": "00fbf3ec-b653-4eb0-8276-7c2861140da6",
                    "parentUUID": "04bb000b-3684-4729-9759-854f489e5704",
                    "isHook": false,
                    "skipped": false
                  }
                ],
                "pending": [],
                "root": false,
                "_timeout": 300000,
                "file": "/test/contribution_test.js",
                "uuid": "04bb000b-3684-4729-9759-854f489e5704",
                "beforeHooks": [],
                "afterHooks": [],
                "fullFile": "/home/travis/build/rstormsf/aigang-contracts/test/contribution_test.js",
                "passes": [
                  {
                    "title": "can only be called once",
                    "fullTitle": "the rest #finalize can only be called once",
                    "timedOut": false,
                    "duration": 341,
                    "state": "passed",
                    "speed": "slow",
                    "pass": true,
                    "fail": false,
                    "pending": false,
                    "code": "step(\"throw\", err); }); } } return step(\"next\"); });",
                    "err": {},
                    "isRoot": false,
                    "uuid": "875e4f67-e2b1-4af7-9a96-e147589e817f",
                    "parentUUID": "04bb000b-3684-4729-9759-854f489e5704",
                    "isHook": false,
                    "skipped": false
                  },
                  {
                    "title": "can be called by anyone after endTime",
                    "fullTitle": "the rest #finalize can be called by anyone after endTime",
                    "timedOut": false,
                    "duration": 372,
                    "state": "passed",
                    "speed": "slow",
                    "pass": true,
                    "fail": false,
                    "pending": false,
                    "code": "step(\"throw\", err); }); } } return step(\"next\"); });",
                    "err": {},
                    "isRoot": false,
                    "uuid": "c6d53262-ed0d-42e3-bb5a-5b95759a5aaf",
                    "parentUUID": "04bb000b-3684-4729-9759-854f489e5704",
                    "isHook": false,
                    "skipped": false
                  },
                  {
                    "title": "can be called when cap is met by anyone",
                    "fullTitle": "the rest #finalize can be called when cap is met by anyone",
                    "timedOut": false,
                    "duration": 298,
                    "state": "passed",
                    "speed": "slow",
                    "pass": true,
                    "fail": false,
                    "pending": false,
                    "code": "step(\"throw\", err); }); } } return step(\"next\"); });",
                    "err": {},
                    "isRoot": false,
                    "uuid": "8743aaf2-234f-46c3-96d4-ea3f77c6b7ba",
                    "parentUUID": "04bb000b-3684-4729-9759-854f489e5704",
                    "isHook": false,
                    "skipped": false
                  },
                  {
                    "title": "generates tokens to wallets",
                    "fullTitle": "the rest #finalize generates tokens to wallets",
                    "timedOut": false,
                    "duration": 510,
                    "state": "passed",
                    "speed": "slow",
                    "pass": true,
                    "fail": false,
                    "pending": false,
                    "code": "step(\"throw\", err); }); } } return step(\"next\"); });",
                    "err": {},
                    "isRoot": false,
                    "uuid": "00fbf3ec-b653-4eb0-8276-7c2861140da6",
                    "parentUUID": "04bb000b-3684-4729-9759-854f489e5704",
                    "isHook": false,
                    "skipped": false
                  }
                ],
                "failures": [],
                "skipped": [],
                "hasBeforeHooks": false,
                "hasAfterHooks": false,
                "hasTests": true,
                "hasSuites": false,
                "totalTests": 4,
                "totalPasses": 4,
                "totalFailures": 0,
                "totalPending": 0,
                "totalSkipped": 0,
                "hasPasses": true,
                "hasFailures": false,
                "hasPending": false,
                "hasSkipped": false,
                "duration": 1521,
                "rootEmpty": false
              }
            ],
            "tests": [
              {
                "title": "#weiToCollect(investor) within first day sets a cap for every investor",
                "fullTitle": "Contract: Contribution the rest #weiToCollect(investor) within first day sets a cap for every investor",
                "timedOut": false,
                "duration": 328,
                "state": "passed",
                "speed": "slow",
                "pass": true,
                "fail": false,
                "pending": false,
                "code": "step(\"throw\", err); }); } } return step(\"next\"); });",
                "err": {},
                "isRoot": false,
                "uuid": "1ec6760a-e6ec-45cf-81ab-2bbde18492fc",
                "parentUUID": "52ea8c01-5bd5-45b7-89e1-a5fa2ecb5e0a",
                "isHook": false,
                "skipped": false
              },
              {
                "title": "#weiToCollect() returns remaining cap",
                "fullTitle": "Contract: Contribution the rest #weiToCollect() returns remaining cap",
                "timedOut": false,
                "duration": 249,
                "state": "passed",
                "speed": "slow",
                "pass": true,
                "fail": false,
                "pending": false,
                "code": "step(\"throw\", err); }); } } return step(\"next\"); });",
                "err": {},
                "isRoot": false,
                "uuid": "b0631a30-f959-42c6-b658-5613e37d0e84",
                "parentUUID": "52ea8c01-5bd5-45b7-89e1-a5fa2ecb5e0a",
                "isHook": false,
                "skipped": false
              },
              {
                "title": "pauses contribution",
                "fullTitle": "Contract: Contribution the rest pauses contribution",
                "timedOut": false,
                "duration": 474,
                "state": "passed",
                "speed": "slow",
                "pass": true,
                "fail": false,
                "pending": false,
                "code": "step(\"throw\", err); }); } } return step(\"next\"); });",
                "err": {},
                "isRoot": false,
                "uuid": "4dab31dc-5588-4ff5-9962-f8598f3a5cc0",
                "parentUUID": "52ea8c01-5bd5-45b7-89e1-a5fa2ecb5e0a",
                "isHook": false,
                "skipped": false
              }
            ],
            "pending": [],
            "root": false,
            "_timeout": 300000,
            "file": "/test/contribution_test.js",
            "uuid": "52ea8c01-5bd5-45b7-89e1-a5fa2ecb5e0a",
            "beforeHooks": [
              {
                "title": "\"before each\" hook",
                "fullTitle": "Contract: Contribution the rest \"before each\" hook",
                "timedOut": false,
                "duration": 668,
                "pass": false,
                "fail": false,
                "pending": false,
                "code": "step(\"throw\", err); }); } } return step(\"next\"); });",
                "err": {},
                "isRoot": false,
                "uuid": "18ff3a80-7aef-43f0-ad8c-7b5392508502",
                "parentUUID": "52ea8c01-5bd5-45b7-89e1-a5fa2ecb5e0a",
                "isHook": true,
                "skipped": false
              }
            ],
            "afterHooks": [],
            "fullFile": "/home/travis/build/rstormsf/aigang-contracts/test/contribution_test.js",
            "passes": [
              {
                "title": "#weiToCollect(investor) within first day sets a cap for every investor",
                "fullTitle": "Contract: Contribution the rest #weiToCollect(investor) within first day sets a cap for every investor",
                "timedOut": false,
                "duration": 328,
                "state": "passed",
                "speed": "slow",
                "pass": true,
                "fail": false,
                "pending": false,
                "code": "step(\"throw\", err); }); } } return step(\"next\"); });",
                "err": {},
                "isRoot": false,
                "uuid": "1ec6760a-e6ec-45cf-81ab-2bbde18492fc",
                "parentUUID": "52ea8c01-5bd5-45b7-89e1-a5fa2ecb5e0a",
                "isHook": false,
                "skipped": false
              },
              {
                "title": "#weiToCollect() returns remaining cap",
                "fullTitle": "Contract: Contribution the rest #weiToCollect() returns remaining cap",
                "timedOut": false,
                "duration": 249,
                "state": "passed",
                "speed": "slow",
                "pass": true,
                "fail": false,
                "pending": false,
                "code": "step(\"throw\", err); }); } } return step(\"next\"); });",
                "err": {},
                "isRoot": false,
                "uuid": "b0631a30-f959-42c6-b658-5613e37d0e84",
                "parentUUID": "52ea8c01-5bd5-45b7-89e1-a5fa2ecb5e0a",
                "isHook": false,
                "skipped": false
              },
              {
                "title": "pauses contribution",
                "fullTitle": "Contract: Contribution the rest pauses contribution",
                "timedOut": false,
                "duration": 474,
                "state": "passed",
                "speed": "slow",
                "pass": true,
                "fail": false,
                "pending": false,
                "code": "step(\"throw\", err); }); } } return step(\"next\"); });",
                "err": {},
                "isRoot": false,
                "uuid": "4dab31dc-5588-4ff5-9962-f8598f3a5cc0",
                "parentUUID": "52ea8c01-5bd5-45b7-89e1-a5fa2ecb5e0a",
                "isHook": false,
                "skipped": false
              }
            ],
            "failures": [],
            "skipped": [],
            "hasBeforeHooks": true,
            "hasAfterHooks": false,
            "hasTests": true,
            "hasSuites": true,
            "totalTests": 3,
            "totalPasses": 3,
            "totalFailures": 0,
            "totalPending": 0,
            "totalSkipped": 0,
            "hasPasses": true,
            "hasFailures": false,
            "hasPending": false,
            "hasSkipped": false,
            "duration": 1051,
            "rootEmpty": false
          },
          {
            "title": "#whitelistAddresses",
            "suites": [],
            "tests": [
              {
                "title": "should whitelist an array of addresses",
                "fullTitle": "Contract: Contribution #whitelistAddresses should whitelist an array of addresses",
                "timedOut": false,
                "duration": 314,
                "state": "passed",
                "speed": "slow",
                "pass": true,
                "fail": false,
                "pending": false,
                "code": "step(\"throw\", err); }); } } return step(\"next\"); });",
                "err": {},
                "isRoot": false,
                "uuid": "af2c2a01-9bab-4936-9a8b-9da59e333e22",
                "parentUUID": "eef891ae-2d2b-4d53-8086-814b798c6c7c",
                "isHook": false,
                "skipped": false
              },
              {
                "title": "can only be called from controller",
                "fullTitle": "Contract: Contribution #whitelistAddresses can only be called from controller",
                "timedOut": false,
                "duration": 323,
                "state": "passed",
                "speed": "slow",
                "pass": true,
                "fail": false,
                "pending": false,
                "code": "step(\"throw\", err); }); } } return step(\"next\"); });",
                "err": {},
                "isRoot": false,
                "uuid": "3a0de035-06a8-4044-b6d9-95ec716a3d68",
                "parentUUID": "eef891ae-2d2b-4d53-8086-814b798c6c7c",
                "isHook": false,
                "skipped": false
              },
              {
                "title": "increments numWhitelistedInvestors when whitelisted",
                "fullTitle": "Contract: Contribution #whitelistAddresses increments numWhitelistedInvestors when whitelisted",
                "timedOut": false,
                "duration": 127,
                "state": "passed",
                "speed": "slow",
                "pass": true,
                "fail": false,
                "pending": false,
                "code": "step(\"throw\", err); }); } } return step(\"next\"); });",
                "err": {},
                "isRoot": false,
                "uuid": "2404424f-3a9f-461e-bf01-8f07ebec3192",
                "parentUUID": "eef891ae-2d2b-4d53-8086-814b798c6c7c",
                "isHook": false,
                "skipped": false
              },
              {
                "title": "decrements numWhitelistedInvestors when blacklisted",
                "fullTitle": "Contract: Contribution #whitelistAddresses decrements numWhitelistedInvestors when blacklisted",
                "timedOut": false,
                "duration": 205,
                "state": "passed",
                "speed": "slow",
                "pass": true,
                "fail": false,
                "pending": false,
                "code": "step(\"throw\", err); }); } } return step(\"next\"); });",
                "err": {},
                "isRoot": false,
                "uuid": "a4298c6c-be59-4094-8a94-826f91963cf1",
                "parentUUID": "eef891ae-2d2b-4d53-8086-814b798c6c7c",
                "isHook": false,
                "skipped": false
              }
            ],
            "pending": [],
            "root": false,
            "_timeout": 300000,
            "file": "/test/contribution_test.js",
            "uuid": "eef891ae-2d2b-4d53-8086-814b798c6c7c",
            "beforeHooks": [
              {
                "title": "\"before each\" hook",
                "fullTitle": "Contract: Contribution #whitelistAddresses \"before each\" hook",
                "timedOut": false,
                "duration": 123,
                "pass": false,
                "fail": false,
                "pending": false,
                "code": "step(\"throw\", err); }); } } return step(\"next\"); });",
                "err": {},
                "isRoot": false,
                "uuid": "c4c0748a-a7af-4770-8fed-daca17306ef9",
                "parentUUID": "eef891ae-2d2b-4d53-8086-814b798c6c7c",
                "isHook": true,
                "skipped": false
              }
            ],
            "afterHooks": [],
            "fullFile": "/home/travis/build/rstormsf/aigang-contracts/test/contribution_test.js",
            "passes": [
              {
                "title": "should whitelist an array of addresses",
                "fullTitle": "Contract: Contribution #whitelistAddresses should whitelist an array of addresses",
                "timedOut": false,
                "duration": 314,
                "state": "passed",
                "speed": "slow",
                "pass": true,
                "fail": false,
                "pending": false,
                "code": "step(\"throw\", err); }); } } return step(\"next\"); });",
                "err": {},
                "isRoot": false,
                "uuid": "af2c2a01-9bab-4936-9a8b-9da59e333e22",
                "parentUUID": "eef891ae-2d2b-4d53-8086-814b798c6c7c",
                "isHook": false,
                "skipped": false
              },
              {
                "title": "can only be called from controller",
                "fullTitle": "Contract: Contribution #whitelistAddresses can only be called from controller",
                "timedOut": false,
                "duration": 323,
                "state": "passed",
                "speed": "slow",
                "pass": true,
                "fail": false,
                "pending": false,
                "code": "step(\"throw\", err); }); } } return step(\"next\"); });",
                "err": {},
                "isRoot": false,
                "uuid": "3a0de035-06a8-4044-b6d9-95ec716a3d68",
                "parentUUID": "eef891ae-2d2b-4d53-8086-814b798c6c7c",
                "isHook": false,
                "skipped": false
              },
              {
                "title": "increments numWhitelistedInvestors when whitelisted",
                "fullTitle": "Contract: Contribution #whitelistAddresses increments numWhitelistedInvestors when whitelisted",
                "timedOut": false,
                "duration": 127,
                "state": "passed",
                "speed": "slow",
                "pass": true,
                "fail": false,
                "pending": false,
                "code": "step(\"throw\", err); }); } } return step(\"next\"); });",
                "err": {},
                "isRoot": false,
                "uuid": "2404424f-3a9f-461e-bf01-8f07ebec3192",
                "parentUUID": "eef891ae-2d2b-4d53-8086-814b798c6c7c",
                "isHook": false,
                "skipped": false
              },
              {
                "title": "decrements numWhitelistedInvestors when blacklisted",
                "fullTitle": "Contract: Contribution #whitelistAddresses decrements numWhitelistedInvestors when blacklisted",
                "timedOut": false,
                "duration": 205,
                "state": "passed",
                "speed": "slow",
                "pass": true,
                "fail": false,
                "pending": false,
                "code": "step(\"throw\", err); }); } } return step(\"next\"); });",
                "err": {},
                "isRoot": false,
                "uuid": "a4298c6c-be59-4094-8a94-826f91963cf1",
                "parentUUID": "eef891ae-2d2b-4d53-8086-814b798c6c7c",
                "isHook": false,
                "skipped": false
              }
            ],
            "failures": [],
            "skipped": [],
            "hasBeforeHooks": true,
            "hasAfterHooks": false,
            "hasTests": true,
            "hasSuites": false,
            "totalTests": 4,
            "totalPasses": 4,
            "totalFailures": 0,
            "totalPending": 0,
            "totalSkipped": 0,
            "hasPasses": true,
            "hasFailures": false,
            "hasPending": false,
            "hasSkipped": false,
            "duration": 969,
            "rootEmpty": false
          }
        ],
        "tests": [
          {
            "title": "#constructor accepts MiniMe instance",
            "fullTitle": "Contract: Contribution #constructor accepts MiniMe instance",
            "timedOut": false,
            "duration": 106,
            "state": "passed",
            "speed": "slow",
            "pass": true,
            "fail": false,
            "pending": false,
            "code": "step(\"throw\", err); }); } } return step(\"next\"); });",
            "err": {},
            "isRoot": false,
            "uuid": "dce04092-f30f-420c-9fd1-d1f955a55b4b",
            "parentUUID": "0902dc56-d9dc-48b3-873e-9c501f996278",
            "isHook": false,
            "skipped": false
          }
        ],
        "pending": [],
        "root": false,
        "_timeout": 300000,
        "file": "/test/contribution_test.js",
        "uuid": "0902dc56-d9dc-48b3-873e-9c501f996278",
        "beforeHooks": [
          {
            "title": "\"before all\" hook: prepare suite",
            "fullTitle": "Contract: Contribution \"before all\" hook: prepare suite",
            "timedOut": false,
            "duration": 22,
            "pass": false,
            "fail": false,
            "pending": false,
            "code": "this.timeout(runner.BEFORE_TIMEOUT);\nrunner.initialize(done);",
            "err": {},
            "isRoot": false,
            "uuid": "4402984f-0ecf-4c93-acc8-525254253104",
            "parentUUID": "0902dc56-d9dc-48b3-873e-9c501f996278",
            "isHook": true,
            "skipped": false
          },
          {
            "title": "\"before each\" hook: before test",
            "fullTitle": "Contract: Contribution \"before each\" hook: before test",
            "timedOut": false,
            "duration": 4,
            "pass": false,
            "fail": false,
            "pending": false,
            "code": "runner.startTest(this, done);",
            "err": {},
            "isRoot": false,
            "uuid": "9b776a7c-65b8-4b63-a14e-e1bcf899646f",
            "parentUUID": "0902dc56-d9dc-48b3-873e-9c501f996278",
            "isHook": true,
            "skipped": false
          }
        ],
        "afterHooks": [
          {
            "title": "\"after each\" hook: after test",
            "fullTitle": "Contract: Contribution \"after each\" hook: after test",
            "timedOut": false,
            "duration": 1,
            "pass": false,
            "fail": false,
            "pending": false,
            "code": "runner.endTest(this, done);",
            "err": {},
            "isRoot": false,
            "uuid": "b9241a91-2252-4a04-bc8f-c4170ae6aec9",
            "parentUUID": "0902dc56-d9dc-48b3-873e-9c501f996278",
            "isHook": true,
            "skipped": false
          }
        ],
        "fullFile": "/home/travis/build/rstormsf/aigang-contracts/test/contribution_test.js",
        "passes": [
          {
            "title": "#constructor accepts MiniMe instance",
            "fullTitle": "Contract: Contribution #constructor accepts MiniMe instance",
            "timedOut": false,
            "duration": 106,
            "state": "passed",
            "speed": "slow",
            "pass": true,
            "fail": false,
            "pending": false,
            "code": "step(\"throw\", err); }); } } return step(\"next\"); });",
            "err": {},
            "isRoot": false,
            "uuid": "dce04092-f30f-420c-9fd1-d1f955a55b4b",
            "parentUUID": "0902dc56-d9dc-48b3-873e-9c501f996278",
            "isHook": false,
            "skipped": false
          }
        ],
        "failures": [],
        "skipped": [],
        "hasBeforeHooks": true,
        "hasAfterHooks": true,
        "hasTests": true,
        "hasSuites": true,
        "totalTests": 1,
        "totalPasses": 1,
        "totalFailures": 0,
        "totalPending": 0,
        "totalSkipped": 0,
        "hasPasses": true,
        "hasFailures": false,
        "hasPending": false,
        "hasSkipped": false,
        "duration": 106,
        "rootEmpty": false
      },
      {
        "title": "Contract: Holder",
        "suites": [
          {
            "title": "#finalize",
            "suites": [],
            "tests": [
              {
                "title": "Final Balances",
                "fullTitle": "Contract: Holder #finalize Final Balances",
                "timedOut": false,
                "duration": 213,
                "state": "passed",
                "speed": "slow",
                "pass": true,
                "fail": false,
                "pending": false,
                "code": "step(\"throw\", err); }); } } return step(\"next\"); });",
                "err": {},
                "isRoot": false,
                "uuid": "39ea0dee-2883-4abb-91e2-0b1f5392b8c0",
                "parentUUID": "4c343d7c-e9ae-4d89-b30d-df3e79c18b68",
                "isHook": false,
                "skipped": false
              },
              {
                "title": "Remainder can only access Tokens after a year",
                "fullTitle": "Contract: Holder #finalize Remainder can only access Tokens after a year",
                "timedOut": false,
                "duration": 799,
                "state": "passed",
                "speed": "slow",
                "pass": true,
                "fail": false,
                "pending": false,
                "code": "step(\"throw\", err); }); } } return step(\"next\"); });",
                "err": {},
                "isRoot": false,
                "uuid": "4a210beb-1095-433c-ab93-df7f6b689d54",
                "parentUUID": "4c343d7c-e9ae-4d89-b30d-df3e79c18b68",
                "isHook": false,
                "skipped": false
              }
            ],
            "pending": [],
            "root": false,
            "_timeout": 300000,
            "file": "/test/holder_tests.js",
            "uuid": "4c343d7c-e9ae-4d89-b30d-df3e79c18b68",
            "beforeHooks": [
              {
                "title": "\"before all\" hook",
                "fullTitle": "Contract: Holder #finalize \"before all\" hook",
                "timedOut": false,
                "duration": 124,
                "pass": false,
                "fail": false,
                "pending": false,
                "code": "step(\"throw\", err); }); } } return step(\"next\"); });",
                "err": {},
                "isRoot": false,
                "uuid": "6237d966-df50-480b-b4af-352d82dfeb6c",
                "parentUUID": "4c343d7c-e9ae-4d89-b30d-df3e79c18b68",
                "isHook": true,
                "skipped": false
              },
              {
                "title": "\"before each\" hook",
                "fullTitle": "Contract: Holder #finalize \"before each\" hook",
                "timedOut": false,
                "duration": 710,
                "pass": false,
                "fail": false,
                "pending": false,
                "code": "step(\"throw\", err); }); } } return step(\"next\"); });",
                "err": {},
                "isRoot": false,
                "uuid": "3d5e7fc4-55e6-4254-a36a-707f6c351366",
                "parentUUID": "4c343d7c-e9ae-4d89-b30d-df3e79c18b68",
                "isHook": true,
                "skipped": false
              }
            ],
            "afterHooks": [],
            "fullFile": "/home/travis/build/rstormsf/aigang-contracts/test/holder_tests.js",
            "passes": [
              {
                "title": "Final Balances",
                "fullTitle": "Contract: Holder #finalize Final Balances",
                "timedOut": false,
                "duration": 213,
                "state": "passed",
                "speed": "slow",
                "pass": true,
                "fail": false,
                "pending": false,
                "code": "step(\"throw\", err); }); } } return step(\"next\"); });",
                "err": {},
                "isRoot": false,
                "uuid": "39ea0dee-2883-4abb-91e2-0b1f5392b8c0",
                "parentUUID": "4c343d7c-e9ae-4d89-b30d-df3e79c18b68",
                "isHook": false,
                "skipped": false
              },
              {
                "title": "Remainder can only access Tokens after a year",
                "fullTitle": "Contract: Holder #finalize Remainder can only access Tokens after a year",
                "timedOut": false,
                "duration": 799,
                "state": "passed",
                "speed": "slow",
                "pass": true,
                "fail": false,
                "pending": false,
                "code": "step(\"throw\", err); }); } } return step(\"next\"); });",
                "err": {},
                "isRoot": false,
                "uuid": "4a210beb-1095-433c-ab93-df7f6b689d54",
                "parentUUID": "4c343d7c-e9ae-4d89-b30d-df3e79c18b68",
                "isHook": false,
                "skipped": false
              }
            ],
            "failures": [],
            "skipped": [],
            "hasBeforeHooks": true,
            "hasAfterHooks": false,
            "hasTests": true,
            "hasSuites": false,
            "totalTests": 2,
            "totalPasses": 2,
            "totalFailures": 0,
            "totalPending": 0,
            "totalSkipped": 0,
            "hasPasses": true,
            "hasFailures": false,
            "hasPending": false,
            "hasSkipped": false,
            "duration": 1012,
            "rootEmpty": false
          }
        ],
        "tests": [],
        "pending": [],
        "root": false,
        "_timeout": 300000,
        "file": "/test/holder_tests.js",
        "uuid": "b4de27a1-01c6-4dcf-aaed-af5746668c56",
        "beforeHooks": [
          {
            "title": "\"before all\" hook: prepare suite",
            "fullTitle": "Contract: Holder \"before all\" hook: prepare suite",
            "timedOut": false,
            "duration": 942,
            "pass": false,
            "fail": false,
            "pending": false,
            "code": "this.timeout(runner.BEFORE_TIMEOUT);\nrunner.initialize(done);",
            "err": {},
            "isRoot": false,
            "uuid": "44646b03-3b16-4698-b1a8-6bbdcaabdccd",
            "parentUUID": "b4de27a1-01c6-4dcf-aaed-af5746668c56",
            "isHook": true,
            "skipped": false
          },
          {
            "title": "\"before each\" hook: before test",
            "fullTitle": "Contract: Holder \"before each\" hook: before test",
            "timedOut": false,
            "duration": 2,
            "pass": false,
            "fail": false,
            "pending": false,
            "code": "runner.startTest(this, done);",
            "err": {},
            "isRoot": false,
            "uuid": "268eb080-2f25-4225-b0d9-93853f8f7ea6",
            "parentUUID": "b4de27a1-01c6-4dcf-aaed-af5746668c56",
            "isHook": true,
            "skipped": false
          }
        ],
        "afterHooks": [
          {
            "title": "\"after each\" hook: after test",
            "fullTitle": "Contract: Holder \"after each\" hook: after test",
            "timedOut": false,
            "duration": 0,
            "pass": false,
            "fail": false,
            "pending": false,
            "code": "runner.endTest(this, done);",
            "err": {},
            "isRoot": false,
            "uuid": "0603d053-774e-4529-a2e8-a0964c9bcd6f",
            "parentUUID": "b4de27a1-01c6-4dcf-aaed-af5746668c56",
            "isHook": true,
            "skipped": false
          }
        ],
        "fullFile": "/home/travis/build/rstormsf/aigang-contracts/test/holder_tests.js",
        "passes": [],
        "failures": [],
        "skipped": [],
        "hasBeforeHooks": true,
        "hasAfterHooks": true,
        "hasTests": false,
        "hasSuites": true,
        "totalTests": 0,
        "totalPasses": 0,
        "totalFailures": 0,
        "totalPending": 0,
        "totalSkipped": 0,
        "hasPasses": false,
        "hasFailures": false,
        "hasPending": false,
        "hasSkipped": false,
        "duration": 0,
        "rootEmpty": false
      }
    ],
    "tests": [],
    "pending": [],
    "root": true,
    "_timeout": 2000,
    "uuid": "360eb682-0a55-4f3c-b9d4-c8b236198903",
    "beforeHooks": [],
    "afterHooks": [],
    "fullFile": "",
    "file": "",
    "passes": [],
    "failures": [],
    "skipped": [],
    "hasBeforeHooks": false,
    "hasAfterHooks": false,
    "hasTests": false,
    "hasSuites": true,
    "totalTests": 0,
    "totalPasses": 0,
    "totalFailures": 0,
    "totalPending": 0,
    "totalSkipped": 0,
    "hasPasses": false,
    "hasFailures": false,
    "hasPending": false,
    "hasSkipped": false,
    "duration": 0,
    "rootEmpty": true
  },
  "allTests": [
    {
      "title": "#constructor accepts MiniMe instance",
      "fullTitle": "Contract: Contribution #constructor accepts MiniMe instance",
      "timedOut": false,
      "duration": 106,
      "state": "passed",
      "speed": "slow",
      "pass": true,
      "fail": false,
      "pending": false,
      "code": "step(\"throw\", err); }); } } return step(\"next\"); });",
      "err": {},
      "isRoot": false,
      "uuid": "dce04092-f30f-420c-9fd1-d1f955a55b4b",
      "parentUUID": "0902dc56-d9dc-48b3-873e-9c501f996278",
      "isHook": false,
      "skipped": false
    },
    {
      "title": "happy path",
      "fullTitle": "#initialize happy path",
      "timedOut": false,
      "duration": 589,
      "state": "passed",
      "speed": "slow",
      "pass": true,
      "fail": false,
      "pending": false,
      "code": "step(\"throw\", err); }); } } return step(\"next\"); });",
      "err": {},
      "isRoot": false,
      "uuid": "bc6da076-ddca-4a70-816f-d718efc7aaa2",
      "parentUUID": "4ce51fea-b8ed-42b0-b7c6-d1841f99b756",
      "isHook": false,
      "skipped": false
    },
    {
      "title": "throws when you try to dobule initialize",
      "fullTitle": "#initialize throws when you try to dobule initialize",
      "timedOut": false,
      "duration": 399,
      "state": "passed",
      "speed": "slow",
      "pass": true,
      "fail": false,
      "pending": false,
      "code": "step(\"throw\", err); }); } } return step(\"next\"); });",
      "err": {},
      "isRoot": false,
      "uuid": "ea629e8f-efba-4294-b417-adcbd425a2b3",
      "parentUUID": "4ce51fea-b8ed-42b0-b7c6-d1841f99b756",
      "isHook": false,
      "skipped": false
    },
    {
      "title": "throws when controller of aix is not contribution",
      "fullTitle": "#initialize throws when controller of aix is not contribution",
      "timedOut": false,
      "duration": 216,
      "state": "passed",
      "speed": "slow",
      "pass": true,
      "fail": false,
      "pending": false,
      "code": "step(\"throw\", err); }); } } return step(\"next\"); });",
      "err": {},
      "isRoot": false,
      "uuid": "3b8ea8ad-a072-41f6-836b-04841306019a",
      "parentUUID": "4ce51fea-b8ed-42b0-b7c6-d1841f99b756",
      "isHook": false,
      "skipped": false
    },
    {
      "title": "throws startTime is less then currentTime",
      "fullTitle": "#initialize throws startTime is less then currentTime",
      "timedOut": false,
      "duration": 262,
      "state": "passed",
      "speed": "slow",
      "pass": true,
      "fail": false,
      "pending": false,
      "code": "step(\"throw\", err); }); } } return step(\"next\"); });",
      "err": {},
      "isRoot": false,
      "uuid": "ee31d955-9b70-46d7-ad0e-81e4b391bb33",
      "parentUUID": "4ce51fea-b8ed-42b0-b7c6-d1841f99b756",
      "isHook": false,
      "skipped": false
    },
    {
      "title": "throws totalWeiCap is 0",
      "fullTitle": "#initialize throws totalWeiCap is 0",
      "timedOut": false,
      "duration": 247,
      "state": "passed",
      "speed": "slow",
      "pass": true,
      "fail": false,
      "pending": false,
      "code": "step(\"throw\", err); }); } } return step(\"next\"); });",
      "err": {},
      "isRoot": false,
      "uuid": "c5ae06c7-f13d-4232-b547-e1fd30ee844c",
      "parentUUID": "4ce51fea-b8ed-42b0-b7c6-d1841f99b756",
      "isHook": false,
      "skipped": false
    },
    {
      "title": "throws when startTime > endTime",
      "fullTitle": "#initialize throws when startTime > endTime",
      "timedOut": false,
      "duration": 251,
      "state": "passed",
      "speed": "slow",
      "pass": true,
      "fail": false,
      "pending": false,
      "code": "step(\"throw\", err); }); } } return step(\"next\"); });",
      "err": {},
      "isRoot": false,
      "uuid": "535106f3-61a1-4a51-afd5-a8b971c9cd42",
      "parentUUID": "4ce51fea-b8ed-42b0-b7c6-d1841f99b756",
      "isHook": false,
      "skipped": false
    },
    {
      "title": "White and blacklisting investors",
      "fullTitle": "#initialize White and blacklisting investors",
      "timedOut": false,
      "duration": 217,
      "state": "passed",
      "speed": "slow",
      "pass": true,
      "fail": false,
      "pending": false,
      "code": "step(\"throw\", err); }); } } return step(\"next\"); });",
      "err": {},
      "isRoot": false,
      "uuid": "31892363-8058-447a-b87e-d8b25f743dd9",
      "parentUUID": "4ce51fea-b8ed-42b0-b7c6-d1841f99b756",
      "isHook": false,
      "skipped": false
    },
    {
      "title": "calculates different discount rates based on time ",
      "fullTitle": "#exchangeRate calculates different discount rates based on time ",
      "timedOut": false,
      "duration": 286,
      "state": "passed",
      "speed": "slow",
      "pass": true,
      "fail": false,
      "pending": false,
      "code": "step(\"throw\", err); }); } } return step(\"next\"); });",
      "err": {},
      "isRoot": false,
      "uuid": "0ec37ac7-a049-4daf-a966-acfecc3848a7",
      "parentUUID": "a096a7df-12b6-46ec-82b1-d1893b7d4e32",
      "isHook": false,
      "skipped": false
    },
    {
      "title": "calculates different bonuses based on percentage",
      "fullTitle": "#exchangeRate calculates different bonuses based on percentage",
      "timedOut": false,
      "duration": 500,
      "state": "passed",
      "speed": "slow",
      "pass": true,
      "fail": false,
      "pending": false,
      "code": "step(\"throw\", err); }); } } return step(\"next\"); });",
      "err": {},
      "isRoot": false,
      "uuid": "3d6c2233-c8be-4084-b1da-edc49eada0b2",
      "parentUUID": "a096a7df-12b6-46ec-82b1-d1893b7d4e32",
[...]
      "pass": true,
      "fail": false,
      "pending": false,
      "code": "step(\"throw\", err); }); } } return step(\"next\"); });",
      "err": {},
      "isRoot": false,
      "uuid": "2404424f-3a9f-461e-bf01-8f07ebec3192",
      "parentUUID": "eef891ae-2d2b-4d53-8086-814b798c6c7c",
      "isHook": false,
      "skipped": false
    },
    {
      "title": "decrements numWhitelistedInvestors when blacklisted",
      "fullTitle": "#whitelistAddresses decrements numWhitelistedInvestors when blacklisted",
      "timedOut": false,
      "duration": 205,
      "state": "passed",
      "speed": "slow",
      "pass": true,
      "fail": false,
      "pending": false,
      "code": "step(\"throw\", err); }); } } return step(\"next\"); });",
      "err": {},
      "isRoot": false,
      "uuid": "a4298c6c-be59-4094-8a94-826f91963cf1",
      "parentUUID": "eef891ae-2d2b-4d53-8086-814b798c6c7c",
      "isHook": false,
      "skipped": false
    },
    {
      "title": "Final Balances",
      "fullTitle": "#finalize Final Balances",
      "timedOut": false,
      "duration": 213,
      "state": "passed",
      "speed": "slow",
      "pass": true,
      "fail": false,
      "pending": false,
      "code": "step(\"throw\", err); }); } } return step(\"next\"); });",
      "err": {},
      "isRoot": false,
      "uuid": "39ea0dee-2883-4abb-91e2-0b1f5392b8c0",
      "parentUUID": "4c343d7c-e9ae-4d89-b30d-df3e79c18b68",
      "isHook": false,
      "skipped": false
    },
    {
      "title": "Remainder can only access Tokens after a year",
      "fullTitle": "#finalize Remainder can only access Tokens after a year",
      "timedOut": false,
      "duration": 799,
      "state": "passed",
      "speed": "slow",
      "pass": true,
      "fail": false,
      "pending": false,
      "code": "step(\"throw\", err); }); } } return step(\"next\"); });",
      "err": {},
      "isRoot": false,
      "uuid": "4a210beb-1095-433c-ab93-df7f6b689d54",
      "parentUUID": "4c343d7c-e9ae-4d89-b30d-df3e79c18b68",
      "isHook": false,
      "skipped": false
    }
  ],
  "allPending": [],
  "allPasses": [
    {
      "title": "#constructor accepts MiniMe instance",
      "fullTitle": "Contract: Contribution #constructor accepts MiniMe instance",
      "timedOut": false,
      "duration": 106,
      "state": "passed",
      "speed": "slow",
      "pass": true,
      "fail": false,
      "pending": false,
      "code": "step(\"throw\", err); }); } } return step(\"next\"); });",
      "err": {},
      "isRoot": false,
      "uuid": "dce04092-f30f-420c-9fd1-d1f955a55b4b",
      "parentUUID": "0902dc56-d9dc-48b3-873e-9c501f996278",
      "isHook": false,
      "skipped": false
    },
    {
      "title": "happy path",
      "fullTitle": "#initialize happy path",
      "timedOut": false,
      "duration": 589,
      "state": "passed",
      "speed": "slow",
      "pass": true,
      "fail": false,
      "pending": false,
      "code": "step(\"throw\", err); }); } } return step(\"next\"); });",
      "err": {},
      "isRoot": false,
      "uuid": "bc6da076-ddca-4a70-816f-d718efc7aaa2",
      "parentUUID": "4ce51fea-b8ed-42b0-b7c6-d1841f99b756",
      "isHook": false,
      "skipped": false
    },
    {
      "title": "throws when you try to dobule initialize",
      "fullTitle": "#initialize throws when you try to dobule initialize",
      "timedOut": false,
      "duration": 399,
      "state": "passed",
      "speed": "slow",
      "pass": true,
      "fail": false,
      "pending": false,
      "code": "step(\"throw\", err); }); } } return step(\"next\"); });",
      "err": {},
      "isRoot": false,
      "uuid": "ea629e8f-efba-4294-b417-adcbd425a2b3",
      "parentUUID": "4ce51fea-b8ed-42b0-b7c6-d1841f99b756",
      "isHook": false,
      "skipped": false
    },
    {
      "title": "throws when controller of aix is not contribution",
      "fullTitle": "#initialize throws when controller of aix is not contribution",
      "timedOut": false,
      "duration": 216,
      "state": "passed",
      "speed": "slow",
      "pass": true,
      "fail": false,
      "pending": false,
      "code": "step(\"throw\", err); }); } } return step(\"next\"); });",
      "err": {},
      "isRoot": false,
      "uuid": "3b8ea8ad-a072-41f6-836b-04841306019a",
      "parentUUID": "4ce51fea-b8ed-42b0-b7c6-d1841f99b756",
      "isHook": false,
      "skipped": false
    },
    {
      "title": "throws startTime is less then currentTime",
      "fullTitle": "#initialize throws startTime is less then currentTime",
      "timedOut": false,
      "duration": 262,
      "state": "passed",
      "speed": "slow",
      "pass": true,
      "fail": false,
      "pending": false,
      "code": "step(\"throw\", err); }); } } return step(\"next\"); });",
      "err": {},
      "isRoot": false,
      "uuid": "ee31d955-9b70-46d7-ad0e-81e4b391bb33",
      "parentUUID": "4ce51fea-b8ed-42b0-b7c6-d1841f99b756",
      "isHook": false,
      "skipped": false
    },
    {
      "title": "throws totalWeiCap is 0",
      "fullTitle": "#initialize throws totalWeiCap is 0",
      "timedOut": false,
      "duration": 247,
      "state": "passed",
      "speed": "slow",
      "pass": true,
      "fail": false,
      "pending": false,
      "code": "step(\"throw\", err); }); } } return step(\"next\"); });",
      "err": {},
      "isRoot": false,
      "uuid": "c5ae06c7-f13d-4232-b547-e1fd30ee844c",
      "parentUUID": "4ce51fea-b8ed-42b0-b7c6-d1841f99b756",
      "isHook": false,
      "skipped": false
    },
    {
      "title": "throws when startTime > endTime",
      "fullTitle": "#initialize throws when startTime > endTime",
      "timedOut": false,
      "duration": 251,
      "state": "passed",
      "speed": "slow",
      "pass": true,
      "fail": false,
      "pending": false,
      "code": "step(\"throw\", err); }); } } return step(\"next\"); });",
      "err": {},
      "isRoot": false,
      "uuid": "535106f3-61a1-4a51-afd5-a8b971c9cd42",
      "parentUUID": "4ce51fea-b8ed-42b0-b7c6-d1841f99b756",
      "isHook": false,
      "skipped": false
    },
    {
      "title": "White and blacklisting investors",
      "fullTitle": "#initialize White and blacklisting investors",
      "timedOut": false,
      "duration": 217,
      "state": "passed",
      "speed": "slow",
      "pass": true,
      "fail": false,
      "pending": false,
      "code": "step(\"throw\", err); }); } } return step(\"next\"); });",
      "err": {},
      "isRoot": false,
      "uuid": "31892363-8058-447a-b87e-d8b25f743dd9",
      "parentUUID": "4ce51fea-b8ed-42b0-b7c6-d1841f99b756",
      "isHook": false,
      "skipped": false
    },
    {
      "title": "calculates different discount rates based on time ",
      "fullTitle": "#exchangeRate calculates different discount rates based on time ",
      "timedOut": false,
      "duration": 286,
      "state": "passed",
      "speed": "slow",
      "pass": true,
      "fail": false,
      "pending": false,
      "code": "step(\"throw\", err); }); } } return step(\"next\"); });",
      "err": {},
      "isRoot": false,
      "uuid": "0ec37ac7-a049-4daf-a966-acfecc3848a7",
      "parentUUID": "a096a7df-12b6-46ec-82b1-d1893b7d4e32",
      "isHook": false,
      "skipped": false
    },
    {
      "title": "calculates different bonuses based on percentage",
      "fullTitle": "#exchangeRate calculates different bonuses based on percentage",
      "timedOut": false,
      "duration": 500,
      "state": "passed",
      "speed": "slow",
      "pass": true,
      "fail": false,
      "pending": false,
      "code": "step(\"throw\", err); }); } } return step(\"next\"); });",
      "err": {},
      "isRoot": false,
      "uuid": "3d6c2233-c8be-4084-b1da-edc49eada0b2",
      "parentUUID": "a096a7df-12b6-46ec-82b1-d1893b7d4e32",
      "isHook": false,
      "skipped": false
    },
    {
      "title": "happy path with fallback",
      "fullTitle": "#proxyPayment happy path with fallback",
      "timedOut": false,
      "duration": 406,
      "state": "passed",
      "speed": "slow",
      "pass": true,
      "fail": false,
      "pending": false,
      "code": "step(\"throw\", err); }); } } return step(\"next\"); });",
      "err": {},
      "isRoot": false,
      "uuid": "38d8bb25-79ba-46a5-b84f-0124cdc3736c",
      "parentUUID": "8e2ba068-9a3c-4eef-a839-6f569e82b526",
      "isHook": false,
      "skipped": false
    },
    {
      "title": "throws when below sendingAmount",
      "fullTitle": "#proxyPayment throws when below sendingAmount",
      "timedOut": false,
      "duration": 244,
      "state": "passed",
      "speed": "slow",
      "pass": true,
      "fail": false,
      "pending": false,
      "code": "step(\"throw\", err); }); } } return step(\"next\"); });",
      "err": {},
      "isRoot": false,
      "uuid": "16d8ab9a-e231-470e-9719-84572b2a8755",
      "parentUUID": "8e2ba068-9a3c-4eef-a839-6f569e82b526",
      "isHook": false,
      "skipped": false
    },
    {
      "title": "accepts 0.01 ether",
      "fullTitle": "#proxyPayment accepts 0.01 ether",
      "timedOut": false,
      "duration": 165,
      "state": "passed",
      "speed": "slow",
      "pass": true,
      "fail": false,
      "pending": false,
      "code": "step(\"throw\", err); }); } } return step(\"next\"); });",
      "err": {},
      "isRoot": false,
      "uuid": "c3b121f5-0d93-401c-9d09-fdaccf24aa18",
      "parentUUID": "8e2ba068-9a3c-4eef-a839-6f569e82b526",
      "isHook": false,
      "skipped": false
    },
    {
      "title": "allows multisig to buy tokens",
      "fullTitle": "#proxyPayment allows multisig to buy tokens",
      "timedOut": false,
      "duration": 460,
      "state": "passed",
      "speed": "slow",
      "pass": true,
      "fail": false,
      "pending": false,
      "code": "step(\"throw\", err); }); } } return step(\"next\"); });",
      "err": {},
      "isRoot": false,
      "uuid": "90e5ff41-a7e9-46e9-bebc-5ff6b3b802d1",
      "parentUUID": "8e2ba068-9a3c-4eef-a839-6f569e82b526",
      "isHook": false,
      "skipped": false
    },
    {
      "title": "contribution wallet should receive funds",
      "fullTitle": "#proxyPayment contribution wallet should receive funds",
      "timedOut": false,
      "duration": 601,
      "state": "passed",
      "speed": "slow",
      "pass": true,
      "fail": false,
      "pending": false,
      "code": "step(\"throw\", err); }); } } return step(\"next\"); });",
      "err": {},
      "isRoot": false,
      "uuid": "dab62abb-e4ed-4842-bee8-98c9e75a62a1",
      "parentUUID": "8e2ba068-9a3c-4eef-a839-6f569e82b526",
      "isHook": false,
      "skipped": false
    },
    {
      "title": "throws when endDate is reached",
      "fullTitle": "#proxyPayment throws when endDate is reached",
      "timedOut": false,
      "duration": 200,
      "state": "passed",
      "speed": "slow",
      "pass": true,
      "fail": false,
      "pending": false,
      "code": "step(\"throw\", err); }); } } return step(\"next\"); });",
      "err": {},
      "isRoot": false,
      "uuid": "4d610ffd-d56e-431f-84f3-592e4deed61b",
      "parentUUID": "8e2ba068-9a3c-4eef-a839-6f569e82b526",
      "isHook": false,
      "skipped": false
    },
    {
      "title": "sends change back to investors if he buys more than cap",
      "fullTitle": "#proxyPayment sends change back to investors if he buys more than cap",
      "timedOut": false,
      "duration": 1135,
      "state": "passed",
      "speed": "slow",
      "pass": true,
      "fail": false,
      "pending": false,
      "code": "step(\"throw\", err); }); } } return step(\"next\"); });",
      "err": {},
      "isRoot": false,
      "uuid": "8b2ded47-0fca-45ae-8a53-96a36602b474",
      "parentUUID": "8e2ba068-9a3c-4eef-a839-6f569e82b526",
      "isHook": false,
      "skipped": false
    },
    {
      "title": "#weiToCollect(investor) within first day sets a cap for every investor",
      "fullTitle": "the rest #weiToCollect(investor) within first day sets a cap for every investor",
      "timedOut": false,
      "duration": 328,
      "state": "passed",
      "speed": "slow",
      "pass": true,
      "fail": false,
      "pending": false,
      "code": "step(\"throw\", err); }); } } return step(\"next\"); });",
      "err": {},
      "isRoot": false,
      "uuid": "1ec6760a-e6ec-45cf-81ab-2bbde18492fc",
      "parentUUID": "52ea8c01-5bd5-45b7-89e1-a5fa2ecb5e0a",
      "isHook": false,
      "skipped": false
    },
    {
      "title": "#weiToCollect() returns remaining cap",
      "fullTitle": "the rest #weiToCollect() returns remaining cap",
      "timedOut": false,
      "duration": 249,
      "state": "passed",
      "speed": "slow",
      "pass": true,
      "fail": false,
      "pending": false,
      "code": "step(\"throw\", err); }); } } return step(\"next\"); });",
      "err": {},
      "isRoot": false,
      "uuid": "b0631a30-f959-42c6-b658-5613e37d0e84",
      "parentUUID": "52ea8c01-5bd5-45b7-89e1-a5fa2ecb5e0a",
      "isHook": false,
      "skipped": false
    },
    {
      "title": "pauses contribution",
      "fullTitle": "the rest pauses contribution",
      "timedOut": false,
      "duration": 474,
      "state": "passed",
      "speed": "slow",
      "pass": true,
      "fail": false,
      "pending": false,
      "code": "step(\"throw\", err); }); } } return step(\"next\"); });",
      "err": {},
      "isRoot": false,
      "uuid": "4dab31dc-5588-4ff5-9962-f8598f3a5cc0",
      "parentUUID": "52ea8c01-5bd5-45b7-89e1-a5fa2ecb5e0a",
      "isHook": false,
      "skipped": false
    },
    {
      "title": "if false, no transfers should be allowed",
      "fullTitle": "#allowTransfers if false, no transfers should be allowed",
      "timedOut": false,
      "duration": 677,
      "state": "passed",
      "speed": "slow",
      "pass": true,
      "fail": false,
      "pending": false,
      "code": "step(\"throw\", err); }); } } return step(\"next\"); });",
      "err": {},
      "isRoot": false,
      "uuid": "012ff920-6717-441b-a32f-4ef2c713ce50",
      "parentUUID": "16eb42ec-2549-4b0c-a875-e1b70cf47ffe",
      "isHook": false,
      "skipped": false
    },
    {
      "title": "can only be called once",
      "fullTitle": "#finalize can only be called once",
      "timedOut": false,
      "duration": 341,
      "state": "passed",
      "speed": "slow",
      "pass": true,
      "fail": false,
      "pending": false,
      "code": "step(\"throw\", err); }); } } return step(\"next\"); });",
      "err": {},
      "isRoot": false,
      "uuid": "875e4f67-e2b1-4af7-9a96-e147589e817f",
      "parentUUID": "04bb000b-3684-4729-9759-854f489e5704",
      "isHook": false,
      "skipped": false
    },
    {
      "title": "can be called by anyone after endTime",
      "fullTitle": "#finalize can be called by anyone after endTime",
      "timedOut": false,
      "duration": 372,
      "state": "passed",
      "speed": "slow",
      "pass": true,
      "fail": false,
      "pending": false,
      "code": "step(\"throw\", err); }); } } return step(\"next\"); });",
      "err": {},
      "isRoot": false,
      "uuid": "c6d53262-ed0d-42e3-bb5a-5b95759a5aaf",
      "parentUUID": "04bb000b-3684-4729-9759-854f489e5704",
      "isHook": false,
      "skipped": false
    },
    {
      "title": "can be called when cap is met by anyone",
      "fullTitle": "#finalize can be called when cap is met by anyone",
      "timedOut": false,
      "duration": 298,
      "state": "passed",
      "speed": "slow",
      "pass": true,
      "fail": false,
      "pending": false,
      "code": "step(\"throw\", err); }); } } return step(\"next\"); });",
      "err": {},
      "isRoot": false,
      "uuid": "8743aaf2-234f-46c3-96d4-ea3f77c6b7ba",
      "parentUUID": "04bb000b-3684-4729-9759-854f489e5704",
      "isHook": false,
      "skipped": false
    },
    {
      "title": "generates tokens to wallets",
      "fullTitle": "#finalize generates tokens to wallets",
      "timedOut": false,
      "duration": 510,
      "state": "passed",
      "speed": "slow",
      "pass": true,
      "fail": false,
      "pending": false,
      "code": "step(\"throw\", err); }); } } return step(\"next\"); });",
      "err": {},
      "isRoot": false,
      "uuid": "00fbf3ec-b653-4eb0-8276-7c2861140da6",
      "parentUUID": "04bb000b-3684-4729-9759-854f489e5704",
      "isHook": false,
      "skipped": false
    },
    {
      "title": "should whitelist an array of addresses",
      "fullTitle": "#whitelistAddresses should whitelist an array of addresses",
      "timedOut": false,
      "duration": 314,
      "state": "passed",
      "speed": "slow",
      "pass": true,
      "fail": false,
      "pending": false,
      "code": "step(\"throw\", err); }); } } return step(\"next\"); });",
      "err": {},
      "isRoot": false,
      "uuid": "af2c2a01-9bab-4936-9a8b-9da59e333e22",
      "parentUUID": "eef891ae-2d2b-4d53-8086-814b798c6c7c",
      "isHook": false,
      "skipped": false
    },
    {
      "title": "can only be called from controller",
      "fullTitle": "#whitelistAddresses can only be called from controller",
      "timedOut": false,
      "duration": 323,
      "state": "passed",
      "speed": "slow",
      "pass": true,
      "fail": false,
      "pending": false,
      "code": "step(\"throw\", err); }); } } return step(\"next\"); });",
      "err": {},
      "isRoot": false,
      "uuid": "3a0de035-06a8-4044-b6d9-95ec716a3d68",
      "parentUUID": "eef891ae-2d2b-4d53-8086-814b798c6c7c",
      "isHook": false,
      "skipped": false
    },
    {
      "title": "increments numWhitelistedInvestors when whitelisted",
      "fullTitle": "#whitelistAddresses increments numWhitelistedInvestors when whitelisted",
      "timedOut": false,
      "duration": 127,
      "state": "passed",
      "speed": "slow",
      "pass": true,
      "fail": false,
      "pending": false,
      "code": "step(\"throw\", err); }); } } return step(\"next\"); });",
      "err": {},
      "isRoot": false,
      "uuid": "2404424f-3a9f-461e-bf01-8f07ebec3192",
      "parentUUID": "eef891ae-2d2b-4d53-8086-814b798c6c7c",
      "isHook": false,
      "skipped": false
    },
    {
      "title": "decrements numWhitelistedInvestors when blacklisted",
      "fullTitle": "#whitelistAddresses decrements numWhitelistedInvestors when blacklisted",
      "timedOut": false,
      "duration": 205,
      "state": "passed",
      "speed": "slow",
      "pass": true,
      "fail": false,
      "pending": false,
      "code": "step(\"throw\", err); }); } } return step(\"next\"); });",
      "err": {},
      "isRoot": false,
      "uuid": "a4298c6c-be59-4094-8a94-826f91963cf1",
      "parentUUID": "eef891ae-2d2b-4d53-8086-814b798c6c7c",
      "isHook": false,
      "skipped": false
    },
    {
      "title": "Final Balances",
      "fullTitle": "#finalize Final Balances",
      "timedOut": false,
      "duration": 213,
      "state": "passed",
      "speed": "slow",
      "pass": true,
      "fail": false,
      "pending": false,
      "code": "step(\"throw\", err); }); } } return step(\"next\"); });",
      "err": {},
      "isRoot": false,
      "uuid": "39ea0dee-2883-4abb-91e2-0b1f5392b8c0",
      "parentUUID": "4c343d7c-e9ae-4d89-b30d-df3e79c18b68",
      "isHook": false,
      "skipped": false
    },
    {
      "title": "Remainder can only access Tokens after a year",
      "fullTitle": "#finalize Remainder can only access Tokens after a year",
      "timedOut": false,
      "duration": 799,
      "state": "passed",
      "speed": "slow",
      "pass": true,
      "fail": false,
      "pending": false,
      "code": "step(\"throw\", err); }); } } return step(\"next\"); });",
      "err": {},
      "isRoot": false,
      "uuid": "4a210beb-1095-433c-ab93-df7f6b689d54",
      "parentUUID": "4c343d7c-e9ae-4d89-b30d-df3e79c18b68",
      "isHook": false,
      "skipped": false
    }
  ],
  "allFailures": [],
  "copyrightYear": 2017
}